<?xml version="1.0" encoding="UTF-8"?>
<testsuite xmlns:xsi="http://www.w3.org/2001/XMLSchema-instance" xsi:noNamespaceSchemaLocation="https://maven.apache.org/surefire/maven-surefire-plugin/xsd/surefire-test-report.xsd" name="noughts.PlayTest" time="0.132" tests="7" errors="0" skipped="0" failures="0">
  <properties>
[...]
</properties>
  <testcase name="testCopyBoard" classname="noughts.PlayTest" time="0.059"/>
  <testcase name="shouldAnswerWithTrue" classname="noughts.PlayTest" time="0"/>
  <testcase name="testGetCurrentTurn" classname="noughts.PlayTest" time="0.003"/>
  <testcase name="testScore" classname="noughts.PlayTest" time="0.005"/>
  <testcase name="testGetBestMove" classname="noughts.PlayTest" time="0.033"/>
  <testcase name="testGetResult" classname="noughts.PlayTest" time="0"/>
  <testcase name="testGetPossibleMoves" classname="noughts.PlayTest" time="0"/>
</testsuite>